2021-05-31 20:31:09 0 [Note] InnoDB: Mutexes and rw_locks use Windows interlocked functions
2021-05-31 20:31:09 0 [Note] InnoDB: Uses event mutexes
2021-05-31 20:31:09 0 [Note] InnoDB: Compressed tables use zlib 1.2.11
2021-05-31 20:31:09 0 [Note] InnoDB: Number of pools: 1
2021-05-31 20:31:09 0 [Note] InnoDB: Using SSE2 crc32 instructions
2021-05-31 20:31:09 0 [Note] InnoDB: Initializing buffer pool, total size = 16M, instances = 1, chunk size = 16M
2021-05-31 20:31:09 0 [Note] InnoDB: Completed initialization of buffer pool
2021-05-31 20:31:09 0 [Note] InnoDB: Starting crash recovery from checkpoint LSN=300288
2021-05-31 20:31:10 0 [Note] InnoDB: 128 out of 128 rollback segments are active.
2021-05-31 20:31:10 0 [Note] InnoDB: Removed temporary tablespace data file: "ibtmp1"
2021-05-31 20:31:10 0 [Note] InnoDB: Creating shared tablespace for temporary tables
2021-05-31 20:31:10 0 [Note] InnoDB: Setting file 'D:\xampp\mysql\data\ibtmp1' size to 12 MB. Physically writing the file full; Please wait ...
2021-05-31 20:31:10 0 [Note] InnoDB: File 'D:\xampp\mysql\data\ibtmp1' size is now 12 MB.
2021-05-31 20:31:10 0 [Note] InnoDB: Waiting for purge to start
2021-05-31 20:31:10 0 [Note] InnoDB: 10.4.19 started; log sequence number 300297; transaction id 170
2021-05-31 20:31:10 0 [Note] InnoDB: Loading buffer pool(s) from D:\xampp\mysql\data\ib_buffer_pool
2021-05-31 20:31:10 0 [Note] Plugin 'FEEDBACK' is disabled.
2021-05-31 20:31:11 0 [Note] InnoDB: Buffer pool(s) load completed at 210531 20:31:11
2021-05-31 20:31:11 0 [Note] Server socket created on IP: '::'.
2021-05-31 21:03:13 0 [Note] InnoDB: Mutexes and rw_locks use Windows interlocked functions
2021-05-31 21:03:13 0 [Note] InnoDB: Uses event mutexes
2021-05-31 21:03:13 0 [Note] InnoDB: Compressed tables use zlib 1.2.11
2021-05-31 21:03:13 0 [Note] InnoDB: Number of pools: 1
2021-05-31 21:03:13 0 [Note] InnoDB: Using SSE2 crc32 instructions
2021-05-31 21:03:13 0 [Note] InnoDB: Initializing buffer pool, total size = 16M, instances = 1, chunk size = 16M
2021-05-31 21:03:13 0 [Note] InnoDB: Completed initialization of buffer pool
2021-05-31 21:03:13 0 [Note] InnoDB: Starting crash recovery from checkpoint LSN=300306
2021-05-31 21:03:14 0 [Note] InnoDB: 128 out of 128 rollback segments are active.
2021-05-31 21:03:14 0 [Note] InnoDB: Removed temporary tablespace data file: "ibtmp1"
2021-05-31 21:03:14 0 [Note] InnoDB: Creating shared tablespace for temporary tables
2021-05-31 21:03:14 0 [Note] InnoDB: Setting file 'D:\xampp\mysql\data\ibtmp1' size to 12 MB. Physically writing the file full; Please wait ...
2021-05-31 21:03:14 0 [Note] InnoDB: File 'D:\xampp\mysql\data\ibtmp1' size is now 12 MB.
2021-05-31 21:03:14 0 [Note] InnoDB: Waiting for purge to start
2021-05-31 21:03:14 0 [Note] InnoDB: 10.4.19 started; log sequence number 300315; transaction id 170
2021-05-31 21:03:14 0 [Note] InnoDB: Loading buffer pool(s) from D:\xampp\mysql\data\ib_buffer_pool
2021-05-31 21:03:14 0 [Note] Plugin 'FEEDBACK' is disabled.
2021-05-31 21:03:14 0 [Note] Server socket created on IP: '::'.
2021-06-01  8:36:45 0 [Note] InnoDB: Mutexes and rw_locks use Windows interlocked functions
2021-06-01  8:36:45 0 [Note] InnoDB: Uses event mutexes
2021-06-01  8:36:45 0 [Note] InnoDB: Compressed tables use zlib 1.2.11
2021-06-01  8:36:45 0 [Note] InnoDB: Number of pools: 1
2021-06-01  8:36:45 0 [Note] InnoDB: Using SSE2 crc32 instructions
2021-06-01  8:36:45 0 [Note] InnoDB: Initializing buffer pool, total size = 16M, instances = 1, chunk size = 16M
2021-06-01  8:36:45 0 [Note] InnoDB: Completed initialization of buffer pool
2021-06-01  8:36:46 0 [Note] InnoDB: Starting crash recovery from checkpoint LSN=318693
2021-06-01  8:36:46 0 [Note] InnoDB: 128 out of 128 rollback segments are active.
2021-06-01  8:36:46 0 [Note] InnoDB: Removed temporary tablespace data file: "ibtmp1"
2021-06-01  8:36:46 0 [Note] InnoDB: Creating shared tablespace for temporary tables
2021-06-01  8:36:46 0 [Note] InnoDB: Setting file 'D:\xampp\mysql\data\ibtmp1' size to 12 MB. Physically writing the file full; Please wait ...
2021-06-01  8:36:46 0 [Note] InnoDB: File 'D:\xampp\mysql\data\ibtmp1' size is now 12 MB.
2021-06-01  8:36:46 0 [Note] InnoDB: Waiting for purge to start
2021-06-01  8:36:46 0 [Note] InnoDB: 10.4.19 started; log sequence number 318702; transaction id 231
2021-06-01  8:36:46 0 [Note] InnoDB: Loading buffer pool(s) from D:\xampp\mysql\data\ib_buffer_pool
2021-06-01  8:36:46 0 [Note] Plugin 'FEEDBACK' is disabled.
2021-06-01  8:36:46 0 [Note] Server socket created on IP: '::'.
2021-06-01 20:31:36 0 [Note] InnoDB: Mutexes and rw_locks use Windows interlocked functions
2021-06-01 20:31:36 0 [Note] InnoDB: Uses event mutexes
2021-06-01 20:31:36 0 [Note] InnoDB: Compressed tables use zlib 1.2.11
2021-06-01 20:31:36 0 [Note] InnoDB: Number of pools: 1
2021-06-01 20:31:36 0 [Note] InnoDB: Using SSE2 crc32 instructions
2021-06-01 20:31:36 0 [Note] InnoDB: Initializing buffer pool, total size = 16M, instances = 1, chunk size = 16M
2021-06-01 20:31:36 0 [Note] InnoDB: Completed initialization of buffer pool
2021-06-01 20:31:36 0 [Note] InnoDB: Starting crash recovery from checkpoint LSN=319605
2021-06-01 20:31:38 0 [Note] InnoDB: 128 out of 128 rollback segments are active.
2021-06-01 20:31:38 0 [Note] InnoDB: Removed temporary tablespace data file: "ibtmp1"
2021-06-01 20:31:38 0 [Note] InnoDB: Creating shared tablespace for temporary tables
2021-06-01 20:31:38 0 [Note] InnoDB: Setting file 'D:\xampp\mysql\data\ibtmp1' size to 12 MB. Physically writing the file full; Please wait ...
2021-06-01 20:31:38 0 [Note] InnoDB: File 'D:\xampp\mysql\data\ibtmp1' size is now 12 MB.
2021-06-01 20:31:38 0 [Note] InnoDB: Waiting for purge to start
2021-06-01 20:31:38 0 [Note] InnoDB: 10.4.19 started; log sequence number 319614; transaction id 257
2021-06-01 20:31:38 0 [Note] InnoDB: Loading buffer pool(s) from D:\xampp\mysql\data\ib_buffer_pool
2021-06-01 20:31:38 0 [Note] Plugin 'FEEDBACK' is disabled.
2021-06-01 20:31:39 0 [Note] InnoDB: Buffer pool(s) load completed at 210601 20:31:39
2021-06-01 20:31:39 0 [Note] Server socket created on IP: '::'.
2021-06-02  8:37:06 0 [Note] InnoDB: Mutexes and rw_locks use Windows interlocked functions
2021-06-02  8:37:06 0 [Note] InnoDB: Uses event mutexes
2021-06-02  8:37:06 0 [Note] InnoDB: Compressed tables use zlib 1.2.11
2021-06-02  8:37:06 0 [Note] InnoDB: Number of pools: 1
2021-06-02  8:37:06 0 [Note] InnoDB: Using SSE2 crc32 instructions
2021-06-02  8:37:07 0 [Note] InnoDB: Initializing buffer pool, total size = 16M, instances = 1, chunk size = 16M
2021-06-02  8:37:07 0 [Note] InnoDB: Completed initialization of buffer pool
2021-06-02  8:37:07 0 [Note] InnoDB: Starting crash recovery from checkpoint LSN=341303
2021-06-02  8:37:07 0 [Note] InnoDB: 128 out of 128 rollback segments are active.
2021-06-02  8:37:07 0 [Note] InnoDB: Removed temporary tablespace data file: "ibtmp1"
2021-06-02  8:37:07 0 [Note] InnoDB: Creating shared tablespace for temporary tables
2021-06-02  8:37:07 0 [Note] InnoDB: Setting file 'D:\xampp\mysql\data\ibtmp1' size to 12 MB. Physically writing the file full; Please wait ...
2021-06-02  8:37:07 0 [Note] InnoDB: File 'D:\xampp\mysql\data\ibtmp1' size is now 12 MB.
2021-06-02  8:37:07 0 [Note] InnoDB: Waiting for purge to start
2021-06-02  8:37:07 0 [Note] InnoDB: 10.4.19 started; log sequence number 341312; transaction id 345
2021-06-02  8:37:07 0 [Note] InnoDB: Loading buffer pool(s) from D:\xampp\mysql\data\ib_buffer_pool
2021-06-02  8:37:07 0 [Note] Plugin 'FEEDBACK' is disabled.
2021-06-02  8:37:07 0 [Note] Server socket created on IP: '::'.
2021-06-02 17:11:17 0 [Note] InnoDB: Mutexes and rw_locks use Windows interlocked functions
2021-06-02 17:11:17 0 [Note] InnoDB: Uses event mutexes
2021-06-02 17:11:17 0 [Note] InnoDB: Compressed tables use zlib 1.2.11
2021-06-02 17:11:17 0 [Note] InnoDB: Number of pools: 1
2021-06-02 17:11:17 0 [Note] InnoDB: Using SSE2 crc32 instructions
2021-06-02 17:11:17 0 [Note] InnoDB: Initializing buffer pool, total size = 16M, instances = 1, chunk size = 16M
2021-06-02 17:11:17 0 [Note] InnoDB: Completed initialization of buffer pool
2021-06-02 17:11:18 0 [Note] InnoDB: Starting crash recovery from checkpoint LSN=425506
2021-06-02 17:11:21 0 [Note] InnoDB: 128 out of 128 rollback segments are active.
2021-06-02 17:11:21 0 [Note] InnoDB: Removed temporary tablespace data file: "ibtmp1"
2021-06-02 17:11:21 0 [Note] InnoDB: Creating shared tablespace for temporary tables
2021-06-02 17:11:21 0 [Note] InnoDB: Setting file 'D:\xampp\mysql\data\ibtmp1' size to 12 MB. Physically writing the file full; Please wait ...
2021-06-02 17:11:21 0 [Note] InnoDB: File 'D:\xampp\mysql\data\ibtmp1' size is now 12 MB.
2021-06-02 17:11:21 0 [Note] InnoDB: Waiting for purge to start
2021-06-02 17:11:21 0 [Note] InnoDB: 10.4.19 started; log sequence number 425515; transaction id 631
2021-06-02 17:11:21 0 [Note] InnoDB: Loading buffer pool(s) from D:\xampp\mysql\data\ib_buffer_pool
2021-06-02 17:11:21 0 [Note] Plugin 'FEEDBACK' is disabled.
2021-06-02 17:11:22 0 [Note] InnoDB: Buffer pool(s) load completed at 210602 17:11:22
2021-06-02 17:11:22 0 [Note] Server socket created on IP: '::'.
2021-06-02 17:27:52 0 [Note] InnoDB: Mutexes and rw_locks use Windows interlocked functions
2021-06-02 17:27:52 0 [Note] InnoDB: Uses event mutexes
2021-06-02 17:27:52 0 [Note] InnoDB: Compressed tables use zlib 1.2.11
2021-06-02 17:27:52 0 [Note] InnoDB: Number of pools: 1
2021-06-02 17:27:52 0 [Note] InnoDB: Using SSE2 crc32 instructions
2021-06-02 17:27:52 0 [Note] InnoDB: Initializing buffer pool, total size = 16M, instances = 1, chunk size = 16M
2021-06-02 17:27:52 0 [Note] InnoDB: Completed initialization of buffer pool
2021-06-02 17:27:52 0 [Note] InnoDB: Starting crash recovery from checkpoint LSN=425524
2021-06-02 17:27:53 0 [Note] InnoDB: 128 out of 128 rollback segments are active.
2021-06-02 17:27:53 0 [Note] InnoDB: Removed temporary tablespace data file: "ibtmp1"
2021-06-02 17:27:53 0 [Note] InnoDB: Creating shared tablespace for temporary tables
2021-06-02 17:27:53 0 [Note] InnoDB: Setting file 'D:\xampp\htdocs\BTL_WEB\data\ibtmp1' size to 12 MB. Physically writing the file full; Please wait ...
2021-06-02 17:27:53 0 [Note] InnoDB: File 'D:\xampp\htdocs\BTL_WEB\data\ibtmp1' size is now 12 MB.
2021-06-02 17:27:53 0 [Note] InnoDB: Waiting for purge to start
2021-06-02 17:27:53 0 [Note] InnoDB: 10.4.19 started; log sequence number 425533; transaction id 631
2021-06-02 17:27:53 0 [Note] InnoDB: Loading buffer pool(s) from D:\xampp\htdocs\BTL_WEB\data\ib_buffer_pool
2021-06-02 17:27:53 0 [Note] Plugin 'FEEDBACK' is disabled.
2021-06-02 17:27:53 0 [Note] Server socket created on IP: '::'.
2021-06-02 21:18:12 0 [Note] InnoDB: Mutexes and rw_locks use Windows interlocked functions
2021-06-02 21:18:12 0 [Note] InnoDB: Uses event mutexes
2021-06-02 21:18:12 0 [Note] InnoDB: Compressed tables use zlib 1.2.11
2021-06-02 21:18:12 0 [Note] InnoDB: Number of pools: 1
2021-06-02 21:18:12 0 [Note] InnoDB: Using SSE2 crc32 instructions
2021-06-02 21:18:12 0 [Note] InnoDB: Initializing buffer pool, total size = 16M, instances = 1, chunk size = 16M
2021-06-02 21:18:12 0 [Note] InnoDB: Completed initialization of buffer pool
2021-06-02 21:18:12 0 [Note] InnoDB: Starting crash recovery from checkpoint LSN=430723
2021-06-02 21:18:13 0 [Note] InnoDB: 128 out of 128 rollback segments are active.
2021-06-02 21:18:13 0 [Note] InnoDB: Removed temporary tablespace data file: "ibtmp1"
2021-06-02 21:18:13 0 [Note] InnoDB: Creating shared tablespace for temporary tables
2021-06-02 21:18:13 0 [Note] InnoDB: Setting file 'D:\xampp\htdocs\BTL_WEB\data\ibtmp1' size to 12 MB. Physically writing the file full; Please wait ...
2021-06-02 21:18:13 0 [Note] InnoDB: File 'D:\xampp\htdocs\BTL_WEB\data\ibtmp1' size is now 12 MB.
2021-06-02 21:18:13 0 [Note] InnoDB: Waiting for purge to start
2021-06-02 21:18:13 0 [Note] InnoDB: 10.4.19 started; log sequence number 430732; transaction id 658
2021-06-02 21:18:13 0 [Note] InnoDB: Loading buffer pool(s) from D:\xampp\htdocs\BTL_WEB\data\ib_buffer_pool
2021-06-02 21:18:13 0 [Note] Plugin 'FEEDBACK' is disabled.
2021-06-02 21:18:13 0 [Note] Server socket created on IP: '::'.
